<?xml version="1.0" encoding="UTF-8"?>
<!-- Generated by org.testng.reporters.JUnitXMLReporter -->
<testsuite hostname="venkatesh-PC" ignored="0" name="Default test" tests="3" failures="0" timestamp="07 Oct 2020 14:11:13 GMT" time="22.746" errors="0">
  <testcase name="testCase1_verifyDestinationLink" time="2.64" classname="org.testsample.TestRunner"/>
  <testcase name="testCase2_FindFlightwithLowPrice" time="3.148" classname="org.testsample.TestRunner"/>
  <testcase name="testCase3_PurChaseFlight" time="7.571" classname="org.testsample.TestRunner"/>
</testsuite> <!-- Default test -->
