<?xml version="1.0" encoding="UTF-8"?>
<!-- Generated by org.testng.reporters.JUnitXMLReporter -->
<testsuite hostname="venkatesh-PC" ignored="0" name="Test" tests="3" failures="0" timestamp="12 Oct 2020 21:51:10 GMT" time="28.101" errors="0">
  <testcase name="testCase1_verifyDestinationLink" time="3.403" classname="org.testsample.TestRunner"/>
  <testcase name="testCase2_FindFlightwithLowPrice" time="2.887" classname="org.testsample.TestRunner"/>
  <testcase name="testCase3_PurChaseFlight" time="7.204" classname="org.testsample.TestRunner"/>
</testsuite> <!-- Test -->
