<?xml version="1.0" encoding="UTF-8"?>
<testng-results skipped="0" failed="0" ignored="0" total="3" passed="3">
  <reporter-output>
  </reporter-output>
  <suite name="Suite" duration-ms="28101" started-at="2020-10-12T21:50:42Z" finished-at="2020-10-12T21:51:10Z">
    <groups>
    </groups>
    <test name="Test" duration-ms="28101" started-at="2020-10-12T21:50:42Z" finished-at="2020-10-12T21:51:10Z">
      <class name="org.testsample.TestRunner">
        <test-method status="PASS" signature="launchBrowser()[pri:0, instance:org.testsample.TestRunner@5cb137]" name="launchBrowser" is-config="true" duration-ms="13415" started-at="2020-10-12T21:50:42Z" finished-at="2020-10-12T21:50:55Z">
          <reporter-output>
          </reporter-output>
        </test-method> <!-- launchBrowser -->
        <test-method status="PASS" signature="testCase1_verifyDestinationLink()[pri:0, instance:org.testsample.TestRunner@5cb137]" name="testCase1_verifyDestinationLink" duration-ms="3403" started-at="2020-10-12T21:50:55Z" finished-at="2020-10-12T21:50:59Z">
          <reporter-output>
          </reporter-output>
        </test-method> <!-- testCase1_verifyDestinationLink -->
        <test-method status="PASS" signature="testCase2_FindFlightwithLowPrice(java.lang.String, java.lang.String)[pri:0, instance:org.testsample.TestRunner@5cb137]" name="testCase2_FindFlightwithLowPrice" duration-ms="2887" started-at="2020-10-12T21:50:59Z" finished-at="2020-10-12T21:51:01Z">
          <params>
            <param index="0">
              <value>
                <![CDATA[Portland]]>
              </value>
            </param>
            <param index="1">
              <value>
                <![CDATA[New York]]>
              </value>
            </param>
          </params>
          <reporter-output>
          </reporter-output>
        </test-method> <!-- testCase2_FindFlightwithLowPrice -->
        <test-method status="PASS" signature="testCase3_PurChaseFlight()[pri:0, instance:org.testsample.TestRunner@5cb137]" name="testCase3_PurChaseFlight" duration-ms="7204" started-at="2020-10-12T21:51:01Z" finished-at="2020-10-12T21:51:09Z">
          <reporter-output>
          </reporter-output>
        </test-method> <!-- testCase3_PurChaseFlight -->
        <test-method status="PASS" signature="quit()[pri:0, instance:org.testsample.TestRunner@5cb137]" name="quit" is-config="true" duration-ms="1106" started-at="2020-10-12T21:51:09Z" finished-at="2020-10-12T21:51:10Z">
          <reporter-output>
          </reporter-output>
        </test-method> <!-- quit -->
      </class> <!-- org.testsample.TestRunner -->
    </test> <!-- Test -->
  </suite> <!-- Suite -->
</testng-results>
